<?xml version="1.0" encoding="UTF-8"?>
<!-- Generated by org.testng.reporters.JUnitReportReporter -->
<testsuite skipped="0" hostname="Enkhs-iMac.local" name="smokeTest.LoginPresentTestNG" tests="1" failures="0" timestamp="10 Sep 2018 04:21:47 GMT" time="0.051" errors="0">
  <testcase name="loginElementsPresentTest" time="0.051" classname="smokeTest.LoginPresentTestNG"/>
</testsuite> <!-- smokeTest.LoginPresentTestNG -->
