<?xml version="1.0" encoding="UTF-8"?>
<!-- Generated by org.testng.reporters.JUnitReportReporter -->
<testsuite skipped="0" hostname="Enkhs-iMac.local" name="tests.LoginDDT" tests="4" failures="0" timestamp="11 Sep 2018 03:21:55 GMT" time="9.645" errors="0">
  <testcase name="loginTest" time="2.217" classname="tests.LoginDDT"/>
  <testcase name="loginTest" time="2.375" classname="tests.LoginDDT"/>
  <testcase name="loginTest" time="2.914" classname="tests.LoginDDT"/>
  <testcase name="loginTest" time="2.139" classname="tests.LoginDDT"/>
</testsuite> <!-- tests.LoginDDT -->
