<?xml version="1.0" encoding="UTF-8"?>
<!-- Generated by org.testng.reporters.JUnitReportReporter -->
<testsuite skipped="0" hostname="Enkhs-iMac.local" name="tests.Expedia" tests="1" failures="0" timestamp="12 Sep 2018 03:44:40 GMT" time="26.533" errors="0">
  <testcase name="hotelReservation" time="26.533" classname="tests.Expedia"/>
</testsuite> <!-- tests.Expedia -->
